<?xml version="1.0" encoding="UTF-8"?>
<testng-results total="1" passed="1" failed="0" skipped="0">
  <reporter-output>
  </reporter-output>
  <suite started-at="2024-08-07T16:22:43Z" name="Test Suite for Buildout" finished-at="2024-08-07T16:24:19Z" duration-ms="96202">
    <groups>
    </groups>
    <test started-at="2024-08-07T16:22:43Z" name="Test Cases for Buildout" finished-at="2024-08-07T16:24:19Z" duration-ms="96202">
      <class name="demo.TestCases">
        <test-method is-config="true" signature="startBrowser()[pri:0, instance:demo.TestCases@aafcffa]" started-at="2024-08-07T21:52:43Z" name="startBrowser" finished-at="2024-08-07T21:52:45Z" duration-ms="2561" status="PASS">
          <reporter-output>
          </reporter-output>
        </test-method> <!-- startBrowser -->
        <test-method signature="testCase01()[pri:0, instance:demo.TestCases@aafcffa]" started-at="2024-08-07T21:52:45Z" name="testCase01" finished-at="2024-08-07T21:54:18Z" duration-ms="92794" status="PASS">
          <reporter-output>
          </reporter-output>
        </test-method> <!-- testCase01 -->
        <test-method is-config="true" signature="endTest()[pri:0, instance:demo.TestCases@aafcffa]" started-at="2024-08-07T21:54:18Z" name="endTest" finished-at="2024-08-07T21:54:19Z" duration-ms="831" status="PASS">
          <reporter-output>
          </reporter-output>
        </test-method> <!-- endTest -->
      </class> <!-- demo.TestCases -->
    </test> <!-- Test Cases for Buildout -->
  </suite> <!-- Test Suite for Buildout -->
</testng-results>
